<?xml version="1.0" encoding="UTF-8" ?>
<testsuite errors="0" failures="0" hostname="helios" name="CarlsonTest" tests="8" time="0.04" timestamp="2018-04-16T01:02:29">
  <properties>
    <property name="java.vendor" value="Sun Microsystems Inc." />
    <property name="ant.junit.lib" value="lib/ant-junit-1.8.4.jar" />
    <property name="fail" value="fail.wav" />
    <property name="sun.java.launcher" value="SUN_STANDARD" />
    <property name="sun.management.compiler" value="HotSpot Tiered Compilers" />
    <property name="os.name" value="SunOS" />
    <property name="sun.boot.class.path" value="/usr/jdk/instances/jdk1.6.0/jre/lib/resources.jar:/usr/jdk/instances/jdk1.6.0/jre/lib/rt.jar:/usr/jdk/instances/jdk1.6.0/jre/lib/sunrsasign.jar:/usr/jdk/instances/jdk1.6.0/jre/lib/jsse.jar:/usr/jdk/instances/jdk1.6.0/jre/lib/jce.jar:/usr/jdk/instances/jdk1.6.0/jre/lib/charsets.jar:/usr/jdk/instances/jdk1.6.0/jre/lib/modules/jdk.boot.jar:/usr/jdk/instances/jdk1.6.0/jre/classes" />
    <property name="compiled.classes" value="build/classes" />
    <property name="compiled.tests" value="build/tests" />
    <property name="java.vm.specification.vendor" value="Sun Microsystems Inc." />
    <property name="ant.home" value="/usr/sfw" />
    <property name="java.runtime.version" value="1.6.0_101-b14" />
    <property name="user.name" value="s243878" />
    <property name="user.language" value="ru" />
    <property name="sun.boot.library.path" value="/usr/jdk/instances/jdk1.6.0/jre/lib/i386" />
    <property name="ant.project.default-target" value="build" />
    <property name="ant.project.name" value="Lab4" />
    <property name="java.version" value="1.6.0_101" />
    <property name="user.timezone" value="" />
    <property name="sun.arch.data.model" value="32" />
    <property name="java.endorsed.dirs" value="/usr/jdk/instances/jdk1.6.0/jre/lib/endorsed" />
    <property name="jar" value="Lab3.jar" />
    <property name="sun.cpu.isalist" value="" />
    <property name="sun.jnu.encoding" value="UTF-8" />
    <property name="hamcrest-core" value="lib/hamcrest-core-1.3.jar" />
    <property name="file.encoding.pkg" value="sun.io" />
    <property name="file.separator" value="/" />
    <property name="java.specification.name" value="Java Platform API Specification" />
    <property name="java.class.version" value="50.0" />
    <property name="src" value="src" />
    <property name="user.country" value="RU" />
    <property name="succes" value="succes.wav" />
    <property name="java.home" value="/usr/jdk/instances/jdk1.6.0/jre" />
    <property name="java.vm.info" value="mixed mode" />
    <property name="ant.file" value="/home/s243878/lab3/build.xml" />
    <property name="os.version" value="5.10" />
    <property name="junit.lib" value="lib/junit-4.12.jar" />
    <property name="path.separator" value=":" />
    <property name="java.vm.version" value="20.101-b01" />
    <property name="ant.library.dir" value="/usr/sfw/lib/ant" />
    <property name="java.awt.printerjob" value="sun.print.PSPrinterJob" />
    <property name="sun.io.unicode.encoding" value="UnicodeBig" />
    <property name="user.home" value="/home/s243878" />
    <property name="java.specification.vendor" value="Sun Microsystems Inc." />
    <property name="test" value="test" />
    <property name="java.library.path" value="/usr/jdk/instances/jdk1.6.0/jre/lib/i386/server:/usr/jdk/instances/jdk1.6.0/jre/lib/i386:/usr/jdk/instances/jdk1.6.0/jre/../lib/i386:/usr/jdk/packages/lib/i386:/lib:/usr/lib" />
    <property name="java.vendor.url" value="http://java.sun.com/" />
    <property name="java.vm.vendor" value="Sun Microsystems Inc." />
    <property name="java.runtime.name" value="Java(TM) SE Runtime Environment" />
    <property name="sun.java.command" value="org.apache.tools.ant.taskdefs.optional.junit.JUnitTestRunner CarlsonTest filtertrace=true haltOnError=false haltOnFailure=false formatter=org.apache.tools.ant.taskdefs.optional.junit.SummaryJUnitResultFormatter showoutput=false outputtoformatters=true logfailedtests=true logtestlistenerevents=false formatter=org.apache.tools.ant.taskdefs.optional.junit.XMLJUnitResultFormatter,/home/s243878/lab3/reports/TEST-CarlsonTest.xml crashfile=/home/s243878/lab3/junitvmwatcher3888402250226433832.properties propsfile=/home/s243878/lab3/junit6635770072979943568.properties" />
    <property name="java.class.path" value="/home/s243878/lab3/lib/junit-4.12.jar:/home/s243878/lab3/lib/hamcrest-core-1.3.jar:/home/s243878/lab3/lib/ant-junit-1.8.4.jar:/home/s243878/lab3/build/classes:/home/s243878/lab3/build/tests:/home/s243878/.ant/lib/junit-4.12.jar:/usr/sfw/lib/ant/ant-launcher.jar:/usr/sfw/lib/ant/ant.jar:/home/s243878/.ant/lib/ant-junit-1.8.4.jar" />
    <property name="ant.version" value="Apache Ant(TM) version 1.8.4 compiled on March 13 2013" />
    <property name="java.vm.specification.name" value="Java Virtual Machine Specification" />
    <property name="ant.file.type" value="file" />
    <property name="java.vm.specification.version" value="1.0" />
    <property name="sun.cpu.endian" value="little" />
    <property name="sun.os.patch.level" value="unknown" />
    <property name="java.io.tmpdir" value="/var/tmp/" />
    <property name="compiled" value="build" />
    <property name="java.vendor.url.bug" value="http://java.sun.com/cgi-bin/bugreport.cgi" />
    <property name="os.arch" value="x86" />
    <property name="java.awt.graphicsenv" value="sun.awt.X11GraphicsEnvironment" />
    <property name="java.ext.dirs" value="/usr/jdk/instances/jdk1.6.0/jre/lib/ext:/usr/jdk/packages/lib/ext" />
    <property name="user.dir" value="/home/s243878/lab3" />
    <property name="line.separator" value="&#xa;" />
    <property name="java.vm.name" value="Java HotSpot(TM) Server VM" />
    <property name="basedir" value="/home/s243878/lab3" />
    <property name="ant.java.version" value="1.6" />
    <property name="ant.core.lib" value="/usr/sfw/lib/ant/ant.jar" />
    <property name="file.encoding" value="UTF-8" />
    <property name="ant.file.Lab4" value="/home/s243878/lab3/build.xml" />
    <property name="ant.file.type.Lab4" value="file" />
    <property name="java.specification.version" value="1.6" />
    <property name="ant.project.invoked-targets" value="report" />
  </properties>
  <testcase classname="CarlsonTest" name="rightTowerLog" time="0.0020" />
  <testcase classname="CarlsonTest" name="towerBigRadius" time="0.0" />
  <testcase classname="CarlsonTest" name="rightWall" time="0.0" />
  <testcase classname="CarlsonTest" name="rightMoatLog" time="0.0" />
  <testcase classname="CarlsonTest" name="makeFood" time="0.0" />
  <testcase classname="CarlsonTest" name="towerNegativeRadius" time="0.0" />
  <testcase classname="CarlsonTest" name="towerWrongFood" time="0.0" />
  <testcase classname="CarlsonTest" name="liquidTower" time="0.0" />
  <system-out><![CDATA[]]></system-out>
  <system-err><![CDATA[]]></system-err>
</testsuite>
